Started GET "/" for 127.0.0.1 at 2025-10-07 07:31:08 +0200
  [1m[35m (0.4ms)[0m  [1m[35mCREATE TABLE "schema_migrations" ("version" varchar NOT NULL PRIMARY KEY) /*application='Joanweb'*/[0m
  [1m[35m (0.1ms)[0m  [1m[35mCREATE TABLE "ar_internal_metadata" ("key" varchar NOT NULL PRIMARY KEY, "value" varchar, "created_at" datetime(6) NOT NULL, "updated_at" datetime(6) NOT NULL) /*application='Joanweb'*/[0m
  [1m[36mActiveRecord::SchemaMigration Load (0.1ms)[0m  [1m[34mSELECT "schema_migrations"."version" FROM "schema_migrations" ORDER BY "schema_migrations"."version" ASC /*application='Joanweb'*/[0m
Processing by Rails::WelcomeController#index as HTML
  Rendering /Users/tomgreenwood/.rbenv/versions/3.3.0/lib/ruby/gems/3.3.0/gems/railties-8.0.3/lib/rails/templates/rails/welcome/index.html.erb
  Rendered /Users/tomgreenwood/.rbenv/versions/3.3.0/lib/ruby/gems/3.3.0/gems/railties-8.0.3/lib/rails/templates/rails/welcome/index.html.erb (Duration: 0.5ms | GC: 0.0ms)
Completed 200 OK in 42ms (Views: 5.0ms | ActiveRecord: 0.0ms (0 queries, 0 cached) | GC: 0.0ms)


Started GET "/sw.js" for 127.0.0.1 at 2025-10-07 07:31:09 +0200
  
ActionController::RoutingError (No route matches [GET] "/sw.js"):
  
Started GET "/" for 127.0.0.1 at 2025-10-07 07:31:15 +0200
Processing by Rails::WelcomeController#index as HTML
  Rendering /Users/tomgreenwood/.rbenv/versions/3.3.0/lib/ruby/gems/3.3.0/gems/railties-8.0.3/lib/rails/templates/rails/welcome/index.html.erb
  Rendered /Users/tomgreenwood/.rbenv/versions/3.3.0/lib/ruby/gems/3.3.0/gems/railties-8.0.3/lib/rails/templates/rails/welcome/index.html.erb (Duration: 0.1ms | GC: 0.0ms)
Completed 200 OK in 24ms (Views: 0.2ms | ActiveRecord: 0.0ms (0 queries, 0 cached) | GC: 0.0ms)


Started GET "/" for 127.0.0.1 at 2025-10-07 07:31:16 +0200
Processing by Rails::WelcomeController#index as HTML
  Rendering /Users/tomgreenwood/.rbenv/versions/3.3.0/lib/ruby/gems/3.3.0/gems/railties-8.0.3/lib/rails/templates/rails/welcome/index.html.erb
  Rendered /Users/tomgreenwood/.rbenv/versions/3.3.0/lib/ruby/gems/3.3.0/gems/railties-8.0.3/lib/rails/templates/rails/welcome/index.html.erb (Duration: 0.1ms | GC: 0.0ms)
Completed 200 OK in 28ms (Views: 0.3ms | ActiveRecord: 0.0ms (0 queries, 0 cached) | GC: 0.0ms)


Started GET "/sw.js" for 127.0.0.1 at 2025-10-07 07:31:17 +0200
  
ActionController::RoutingError (No route matches [GET] "/sw.js"):
  
  [1m[36mActiveRecord::SchemaMigration Load (0.1ms)[0m  [1m[34mSELECT "schema_migrations"."version" FROM "schema_migrations" ORDER BY "schema_migrations"."version" ASC /*application='Joanweb'*/[0m
Started GET "/" for 127.0.0.1 at 2025-10-07 07:32:56 +0200
Processing by Rails::WelcomeController#index as HTML
  Rendering /Users/tomgreenwood/.rbenv/versions/3.3.0/lib/ruby/gems/3.3.0/gems/railties-8.0.3/lib/rails/templates/rails/welcome/index.html.erb
  Rendered /Users/tomgreenwood/.rbenv/versions/3.3.0/lib/ruby/gems/3.3.0/gems/railties-8.0.3/lib/rails/templates/rails/welcome/index.html.erb (Duration: 0.6ms | GC: 0.0ms)
Completed 200 OK in 27ms (Views: 1.4ms | ActiveRecord: 0.0ms (0 queries, 0 cached) | GC: 0.0ms)


Started GET "/" for 127.0.0.1 at 2025-10-07 07:32:57 +0200
Processing by Rails::WelcomeController#index as HTML
  Rendering /Users/tomgreenwood/.rbenv/versions/3.3.0/lib/ruby/gems/3.3.0/gems/railties-8.0.3/lib/rails/templates/rails/welcome/index.html.erb
  Rendered /Users/tomgreenwood/.rbenv/versions/3.3.0/lib/ruby/gems/3.3.0/gems/railties-8.0.3/lib/rails/templates/rails/welcome/index.html.erb (Duration: 0.1ms | GC: 0.0ms)
Completed 200 OK in 25ms (Views: 0.3ms | ActiveRecord: 0.0ms (0 queries, 0 cached) | GC: 0.0ms)


Started GET "/" for 127.0.0.1 at 2025-10-07 07:43:42 +0200
  [1m[36mActiveRecord::SchemaMigration Load (0.1ms)[0m  [1m[34mSELECT "schema_migrations"."version" FROM "schema_migrations" ORDER BY "schema_migrations"."version" ASC /*application='Joanweb'*/[0m
Processing by HomeController#index as HTML
  Rendering layout layouts/application.html.erb
  Rendering home/index.html.erb within layouts/application
  Rendered home/index.html.erb within layouts/application (Duration: 0.2ms | GC: 0.0ms)
  Rendered layout layouts/application.html.erb (Duration: 7.3ms | GC: 0.0ms)
Completed 200 OK in 67ms (Views: 9.5ms | ActiveRecord: 0.0ms (0 queries, 0 cached) | GC: 0.0ms)


Started GET "/" for 127.0.0.1 at 2025-10-07 07:51:10 +0200
Processing by HomeController#index as HTML
  Rendering layout layouts/application.html.erb
  Rendering home/index.html.erb within layouts/application
  Rendered home/index.html.erb within layouts/application (Duration: 0.2ms | GC: 0.0ms)
  Rendered layout layouts/application.html.erb (Duration: 11.7ms | GC: 0.4ms)
Completed 200 OK in 38ms (Views: 12.9ms | ActiveRecord: 0.0ms (0 queries, 0 cached) | GC: 0.4ms)


Started GET "/app/assets/images/filmHome_v004.jpeg" for 127.0.0.1 at 2025-10-07 07:51:10 +0200
Started GET "/app/assets/images/commHome_v004.jpeg" for 127.0.0.1 at 2025-10-07 07:51:10 +0200
  
ActionController::RoutingError (No route matches [GET] "/app/assets/images/filmHome_v004.jpeg"):
  
  
ActionController::RoutingError (No route matches [GET] "/app/assets/images/commHome_v004.jpeg"):
  
Started GET "/" for 127.0.0.1 at 2025-10-07 07:51:11 +0200
Processing by HomeController#index as HTML
  Rendering layout layouts/application.html.erb
  Rendering home/index.html.erb within layouts/application
  Rendered home/index.html.erb within layouts/application (Duration: 0.0ms | GC: 0.0ms)
  Rendered layout layouts/application.html.erb (Duration: 0.7ms | GC: 0.0ms)
Completed 200 OK in 25ms (Views: 0.9ms | ActiveRecord: 0.0ms (0 queries, 0 cached) | GC: 0.0ms)


Started GET "/app/assets/images/filmHome_v004.jpeg" for 127.0.0.1 at 2025-10-07 07:51:12 +0200
Started GET "/app/assets/images/commHome_v004.jpeg" for 127.0.0.1 at 2025-10-07 07:51:12 +0200
  
ActionController::RoutingError (No route matches [GET] "/app/assets/images/filmHome_v004.jpeg"):
  
  
ActionController::RoutingError (No route matches [GET] "/app/assets/images/commHome_v004.jpeg"):
  
Started GET "/" for 127.0.0.1 at 2025-10-07 07:51:48 +0200
Processing by HomeController#index as HTML
  Rendering layout layouts/application.html.erb
  Rendering home/index.html.erb within layouts/application
  Rendered home/index.html.erb within layouts/application (Duration: 0.3ms | GC: 0.0ms)
  Rendered layout layouts/application.html.erb (Duration: 4.3ms | GC: 1.4ms)
Completed 200 OK in 32ms (Views: 6.0ms | ActiveRecord: 0.0ms (0 queries, 0 cached) | GC: 1.4ms)


Started GET "/app/assets/images/filmHome_v004.jpeg" for 127.0.0.1 at 2025-10-07 07:51:48 +0200
Started GET "/app/assets/images/commHome_v004.jpeg" for 127.0.0.1 at 2025-10-07 07:51:48 +0200
  
ActionController::RoutingError (No route matches [GET] "/app/assets/images/commHome_v004.jpeg"):
  
  
ActionController::RoutingError (No route matches [GET] "/app/assets/images/filmHome_v004.jpeg"):
  
Started GET "/" for 127.0.0.1 at 2025-10-07 07:51:54 +0200
Processing by HomeController#index as HTML
  Rendering layout layouts/application.html.erb
  Rendering home/index.html.erb within layouts/application
  Rendered home/index.html.erb within layouts/application (Duration: 0.3ms | GC: 0.0ms)
  Rendered layout layouts/application.html.erb (Duration: 3.2ms | GC: 0.0ms)
Completed 200 OK in 32ms (Views: 4.3ms | ActiveRecord: 0.0ms (0 queries, 0 cached) | GC: 0.0ms)


Started GET "/app/assets/images/commHome_v004.jpeg" for 127.0.0.1 at 2025-10-07 07:51:54 +0200
Started GET "/app/assets/images/filmHome_v004.jpeg" for 127.0.0.1 at 2025-10-07 07:51:54 +0200
  
ActionController::RoutingError (No route matches [GET] "/app/assets/images/commHome_v004.jpeg"):
  
  
ActionController::RoutingError (No route matches [GET] "/app/assets/images/filmHome_v004.jpeg"):
  
Started GET "/" for 127.0.0.1 at 2025-10-07 07:53:07 +0200
Processing by HomeController#index as HTML
  Rendering layout layouts/application.html.erb
  Rendering home/index.html.erb within layouts/application
  Rendered home/index.html.erb within layouts/application (Duration: 0.2ms | GC: 0.0ms)
  Rendered layout layouts/application.html.erb (Duration: 2.9ms | GC: 0.0ms)
Completed 200 OK in 30ms (Views: 4.1ms | ActiveRecord: 0.0ms (0 queries, 0 cached) | GC: 0.5ms)


Started GET "/app/assets/images/filmHome_v004.jpeg" for 127.0.0.1 at 2025-10-07 07:53:08 +0200
Started GET "/app/assets/images/commHome_v004.jpeg" for 127.0.0.1 at 2025-10-07 07:53:08 +0200
  
ActionController::RoutingError (No route matches [GET] "/app/assets/images/commHome_v004.jpeg"):
  
  
ActionController::RoutingError (No route matches [GET] "/app/assets/images/filmHome_v004.jpeg"):
  
